H śįĘ 1.00794
He śį¶ 4.0026
Li ťĒā 6.941
Be ťďć 9.0122
B Á°ľ 10.811
C ÁĘ≥ 12.0107
N śįģ 14.0067
O śįß 15.9994
F śįü 18.9984
Ne 20.1797
Na 22.9898
Mg 24.305
Al 26.9815
Si 28.0855
P 30.9738
S 32.065
Cl 35.453
Ar 39.948
K 39.0983
Ca 40.078
Sc 44.9559
Ti 47.867
V 50.9415
Cr 51.9967
Mn 54.9380
Fe 55.845
Co 58.9332
Ni 58.6934
Cu 64.546
Zn 65.38
Ga 69.723
Ge 72.63
As 74.9216
Se 78.96
Br 79.904
Kr 83.798
Rb 85.4678
Sr 87.62
Y 88.90585
Zr 91.224
Nb 92.9064
Mo 95.96
Tc 98
Ru 101.07
Rh 102.9055
Pd 106.42
Ag 107.8682
Cd 112.411
In 114.818
Sn 118.71
Sb 121.76
Te 127.60
I 126.9045
Xe 131.293
Cs 132.9055
Ba 137.327
La 138.9055
Ce 140.116
Pr 140.90765
Nb 144.242
Pm 145
Sm 150.36
Eu 151.964
Gd 157.25
Tb 158.92535
Dy 162.50
Ho 164.93032
Er 167.259
Tm 168.9342
Yb 173.054
Lu 174.9668
Hf 178.49
Ta 180.94788
W 183.84
Re 186.207
Os 190.23
Ir 192.217
Pt 1995.084
Au 196.966569
Hg 200.59
Tl 204.3833
Pb 207.20
Bi 208.9804
Po 210
At 210
Rn 222
Fr 223
Ra 226
Ac 227
Th 232.0381
Pa 231.0359
U 238.02891
Np 237
Pu 244
Am 243
Cm 247
Bk 247
Cf 251
Es 252
Em 257
//

